2023-10-17 13:22:58,026 INFO o.a.j.u.JMeterUtils: Setting Locale to en_GB
2023-10-17 13:22:58,073 INFO o.a.j.JMeter: Loading user properties from: user.properties
2023-10-17 13:22:58,079 INFO o.a.j.JMeter: Loading system properties from: system.properties
2023-10-17 13:22:58,095 INFO o.a.j.JMeter: Copyright (c) 1998-2023 The Apache Software Foundation
2023-10-17 13:22:58,095 INFO o.a.j.JMeter: Version 5.6.2
2023-10-17 13:22:58,095 INFO o.a.j.JMeter: java.version=20.0.2
2023-10-17 13:22:58,095 INFO o.a.j.JMeter: java.vm.name=Java HotSpot(TM) 64-Bit Server VM
2023-10-17 13:22:58,095 INFO o.a.j.JMeter: os.name=Windows 10
2023-10-17 13:22:58,095 INFO o.a.j.JMeter: os.arch=amd64
2023-10-17 13:22:58,095 INFO o.a.j.JMeter: os.version=10.0
2023-10-17 13:22:58,095 INFO o.a.j.JMeter: file.encoding=UTF-8
2023-10-17 13:22:58,095 INFO o.a.j.JMeter: java.awt.headless=null
2023-10-17 13:22:58,095 INFO o.a.j.JMeter: Max memory     =4263510016
2023-10-17 13:22:58,095 INFO o.a.j.JMeter: Available Processors =4
2023-10-17 13:22:58,111 INFO o.a.j.JMeter: Default Locale=English (United Kingdom)
2023-10-17 13:22:58,111 INFO o.a.j.JMeter: JMeter  Locale=English (United Kingdom)
2023-10-17 13:22:58,111 INFO o.a.j.JMeter: JMeterHome=D:\apache-jmeter-5.6.2
2023-10-17 13:22:58,111 INFO o.a.j.JMeter: user.dir  =D:\apache-jmeter-5.6.2\bin
2023-10-17 13:22:58,111 INFO o.a.j.JMeter: PWD       =D:\apache-jmeter-5.6.2\bin
2023-10-17 13:23:02,658 INFO o.a.j.JMeter: IP: 10.8.0.70 Name: DESKTOP-7HOGPOL FullName: DESKTOP-7HOGPOL
2023-10-17 13:23:02,673 INFO o.a.j.JMeter: Loaded icon properties from org/apache/jmeter/images/icon.properties
2023-10-17 13:23:03,005 INFO o.a.j.JMeterGuiLauncher: Setting LAF to: com.github.weisj.darklaf.DarkLaf:com.github.weisj.darklaf.theme.DarculaTheme
2023-10-17 13:23:26,537 INFO o.a.j.s.FileServer: Default base='D:\apache-jmeter-5.6.2\bin'
2023-10-17 13:23:26,552 INFO o.a.j.g.a.Load: Loading file: D:\apache-jmeter-5.6.2\bin\DRS API's.jmx
2023-10-17 13:23:26,552 INFO o.a.j.s.FileServer: Set new base='D:\apache-jmeter-5.6.2\bin'
2023-10-17 13:23:26,884 INFO o.a.j.s.SaveService: Testplan (JMX) version: 2.2. Testlog (JTL) version: 2.2
2023-10-17 13:23:26,922 INFO o.a.j.s.SaveService: Using SaveService properties version 5.0
2023-10-17 13:23:26,922 INFO o.a.j.s.SaveService: Using SaveService properties file encoding UTF-8
2023-10-17 13:23:26,922 INFO o.a.j.s.SaveService: Loading file: D:\apache-jmeter-5.6.2\bin\DRS API's.jmx
2023-10-17 13:23:26,984 INFO o.a.j.p.h.s.HTTPSamplerBase: Parser for text/html is org.apache.jmeter.protocol.http.parser.LagartoBasedHtmlParser
2023-10-17 13:23:26,984 INFO o.a.j.p.h.s.HTTPSamplerBase: Parser for application/xhtml+xml is org.apache.jmeter.protocol.http.parser.LagartoBasedHtmlParser
2023-10-17 13:23:26,984 INFO o.a.j.p.h.s.HTTPSamplerBase: Parser for application/xml is org.apache.jmeter.protocol.http.parser.LagartoBasedHtmlParser
2023-10-17 13:23:26,984 INFO o.a.j.p.h.s.HTTPSamplerBase: Parser for text/xml is org.apache.jmeter.protocol.http.parser.LagartoBasedHtmlParser
2023-10-17 13:23:26,984 INFO o.a.j.p.h.s.HTTPSamplerBase: Parser for text/vnd.wap.wml is org.apache.jmeter.protocol.http.parser.RegexpHTMLParser
2023-10-17 13:23:26,984 INFO o.a.j.p.h.s.HTTPSamplerBase: Parser for text/css is org.apache.jmeter.protocol.http.parser.CssParser
2023-10-17 13:23:27,107 INFO o.a.j.p.h.c.CookieManager: Settings: Delete null: true Check: true Allow variable: true Save: false Prefix: COOKIE_
2023-10-17 13:23:27,508 INFO o.a.j.s.SampleResult: Note: Sample TimeStamps are START times
2023-10-17 13:23:27,508 INFO o.a.j.s.SampleResult: sampleresult.default.encoding is set to UTF-8
2023-10-17 13:23:27,508 INFO o.a.j.s.SampleResult: sampleresult.useNanoTime=true
2023-10-17 13:23:27,508 INFO o.a.j.s.SampleResult: sampleresult.nanoThreadSleep=5000
2023-10-17 13:23:28,888 INFO o.a.j.s.FileServer: Set new base='D:\apache-jmeter-5.6.2\bin'
2023-10-17 13:30:32,292 INFO o.a.j.e.StandardJMeterEngine: Running the test!
2023-10-17 13:30:32,292 INFO o.a.j.s.SampleEvent: List of sample_variables: []
2023-10-17 13:30:32,292 INFO o.a.j.s.SampleEvent: List of sample_variables: []
2023-10-17 13:30:32,292 INFO o.a.j.e.u.CompoundVariable: Note: Function class names must contain the string: '.functions.'
2023-10-17 13:30:32,292 INFO o.a.j.e.u.CompoundVariable: Note: Function class names must not contain the string: '.gui.'
2023-10-17 13:30:32,359 INFO o.a.j.g.u.JMeterMenuBar: setRunning(true, *local*)
2023-10-17 13:30:32,428 INFO o.a.j.e.StandardJMeterEngine: Starting ThreadGroup: 1 : Thread Group
2023-10-17 13:30:32,428 INFO o.a.j.e.StandardJMeterEngine: Starting 1 threads for group Thread Group.
2023-10-17 13:30:32,428 INFO o.a.j.e.StandardJMeterEngine: Thread will continue on error
2023-10-17 13:30:32,428 INFO o.a.j.t.ThreadGroup: Starting thread group... number=1 threads=1 ramp-up=1 delayedStart=false
2023-10-17 13:30:32,428 INFO o.a.j.t.ThreadGroup: Started thread group number 1
2023-10-17 13:30:32,444 INFO o.a.j.e.StandardJMeterEngine: Starting ThreadGroup: 2 : Importer-user (AUTO-FLOW)
2023-10-17 13:30:32,444 INFO o.a.j.e.StandardJMeterEngine: Starting 1 threads for group Importer-user (AUTO-FLOW).
2023-10-17 13:30:32,444 INFO o.a.j.e.StandardJMeterEngine: Thread will continue on error
2023-10-17 13:30:32,444 INFO o.a.j.t.ThreadGroup: Starting thread group... number=2 threads=1 ramp-up=1 delayedStart=false
2023-10-17 13:30:32,444 INFO o.a.j.t.ThreadGroup: Started thread group number 2
2023-10-17 13:30:32,444 INFO o.a.j.e.StandardJMeterEngine: All thread groups have been started
2023-10-17 13:30:32,444 INFO o.a.j.t.JMeterThread: Thread started: Importer-user (AUTO-FLOW) 2-1
2023-10-17 13:30:32,444 INFO o.a.j.t.JMeterThread: Thread started: Thread Group 1-1
2023-10-17 13:30:32,452 INFO o.a.j.s.FileServer: Stored: C:/Users/CACF/Desktop/DRSCSVforjmeter.csv
2023-10-17 13:30:32,481 INFO o.a.j.p.h.s.HTTPHCAbstractImpl: Local host = DESKTOP-7HOGPOL
2023-10-17 13:30:32,496 INFO o.a.j.t.JMeterThread: Thread is done: Thread Group 1-1
2023-10-17 13:30:32,496 INFO o.a.j.t.JMeterThread: Thread finished: Thread Group 1-1
2023-10-17 13:30:32,496 INFO o.a.j.p.h.s.HTTPHC4Impl: HTTP request retry count = 0
2023-10-17 13:30:37,203 INFO o.a.j.t.JMeterThread: Thread is done: Importer-user (AUTO-FLOW) 2-1
2023-10-17 13:30:37,203 INFO o.a.j.t.JMeterThread: Thread finished: Importer-user (AUTO-FLOW) 2-1
2023-10-17 13:30:37,218 INFO o.a.j.e.StandardJMeterEngine: Notifying test listeners of end of test
2023-10-17 13:30:37,218 INFO o.a.j.s.FileServer: Close: C:/Users/CACF/Desktop/DRSCSVforjmeter.csv
2023-10-17 13:30:37,218 INFO o.a.j.g.u.JMeterMenuBar: setRunning(false, *local*)
2023-10-17 13:31:32,880 INFO o.a.j.e.StandardJMeterEngine: Running the test!
2023-10-17 13:31:32,880 INFO o.a.j.s.SampleEvent: List of sample_variables: []
2023-10-17 13:31:32,880 INFO o.a.j.g.u.JMeterMenuBar: setRunning(true, *local*)
2023-10-17 13:31:32,963 INFO o.a.j.e.StandardJMeterEngine: Starting ThreadGroup: 1 : Thread Group
2023-10-17 13:31:32,978 INFO o.a.j.e.StandardJMeterEngine: Starting 1 threads for group Thread Group.
2023-10-17 13:31:32,978 INFO o.a.j.e.StandardJMeterEngine: Thread will continue on error
2023-10-17 13:31:32,978 INFO o.a.j.t.ThreadGroup: Starting thread group... number=1 threads=1 ramp-up=1 delayedStart=false
2023-10-17 13:31:32,978 INFO o.a.j.t.ThreadGroup: Started thread group number 1
2023-10-17 13:31:32,978 INFO o.a.j.e.StandardJMeterEngine: Starting ThreadGroup: 2 : Importer-user (AUTO-FLOW)
2023-10-17 13:31:32,978 INFO o.a.j.e.StandardJMeterEngine: Starting 1 threads for group Importer-user (AUTO-FLOW).
2023-10-17 13:31:32,978 INFO o.a.j.e.StandardJMeterEngine: Thread will continue on error
2023-10-17 13:31:32,978 INFO o.a.j.t.ThreadGroup: Starting thread group... number=2 threads=1 ramp-up=1 delayedStart=false
2023-10-17 13:31:32,978 INFO o.a.j.t.ThreadGroup: Started thread group number 2
2023-10-17 13:31:32,978 INFO o.a.j.e.StandardJMeterEngine: All thread groups have been started
2023-10-17 13:31:32,978 INFO o.a.j.t.JMeterThread: Thread started: Thread Group 1-1
2023-10-17 13:31:32,978 INFO o.a.j.s.FileServer: Stored: C:/Users/CACF/Desktop/DRSCSVforjmeter.csv
2023-10-17 13:31:32,978 INFO o.a.j.t.JMeterThread: Thread is done: Thread Group 1-1
2023-10-17 13:31:32,978 INFO o.a.j.t.JMeterThread: Thread finished: Thread Group 1-1
2023-10-17 13:31:32,978 INFO o.a.j.t.JMeterThread: Thread started: Importer-user (AUTO-FLOW) 2-1
2023-10-17 13:31:36,877 INFO o.a.j.t.JMeterThread: Thread is done: Importer-user (AUTO-FLOW) 2-1
2023-10-17 13:31:36,877 INFO o.a.j.t.JMeterThread: Thread finished: Importer-user (AUTO-FLOW) 2-1
2023-10-17 13:31:36,877 INFO o.a.j.e.StandardJMeterEngine: Notifying test listeners of end of test
2023-10-17 13:31:36,877 INFO o.a.j.s.FileServer: Close: C:/Users/CACF/Desktop/DRSCSVforjmeter.csv
2023-10-17 13:31:36,877 INFO o.a.j.g.u.JMeterMenuBar: setRunning(false, *local*)
2023-10-17 13:32:48,144 INFO o.a.j.e.StandardJMeterEngine: Running the test!
2023-10-17 13:32:48,144 INFO o.a.j.s.SampleEvent: List of sample_variables: []
2023-10-17 13:32:48,159 INFO o.a.j.g.u.JMeterMenuBar: setRunning(true, *local*)
2023-10-17 13:32:48,236 INFO o.a.j.e.StandardJMeterEngine: Starting ThreadGroup: 1 : Thread Group
2023-10-17 13:32:48,236 INFO o.a.j.e.StandardJMeterEngine: Starting 1 threads for group Thread Group.
2023-10-17 13:32:48,236 INFO o.a.j.e.StandardJMeterEngine: Thread will continue on error
2023-10-17 13:32:48,236 INFO o.a.j.t.ThreadGroup: Starting thread group... number=1 threads=1 ramp-up=1 delayedStart=false
2023-10-17 13:32:48,236 INFO o.a.j.t.ThreadGroup: Started thread group number 1
2023-10-17 13:32:48,236 INFO o.a.j.e.StandardJMeterEngine: Starting ThreadGroup: 2 : Importer-user (AUTO-FLOW)
2023-10-17 13:32:48,236 INFO o.a.j.e.StandardJMeterEngine: Starting 1 threads for group Importer-user (AUTO-FLOW).
2023-10-17 13:32:48,236 INFO o.a.j.e.StandardJMeterEngine: Thread will continue on error
2023-10-17 13:32:48,236 INFO o.a.j.t.ThreadGroup: Starting thread group... number=2 threads=1 ramp-up=1 delayedStart=false
2023-10-17 13:32:48,236 INFO o.a.j.t.ThreadGroup: Started thread group number 2
2023-10-17 13:32:48,236 INFO o.a.j.e.StandardJMeterEngine: All thread groups have been started
2023-10-17 13:32:48,236 INFO o.a.j.t.JMeterThread: Thread started: Thread Group 1-1
2023-10-17 13:32:48,242 INFO o.a.j.s.FileServer: Stored: C:/Users/CACF/Desktop/DRSCSVforjmeter.csv
2023-10-17 13:32:48,242 INFO o.a.j.t.JMeterThread: Thread started: Importer-user (AUTO-FLOW) 2-1
2023-10-17 13:32:48,242 INFO o.a.j.t.JMeterThread: Thread is done: Thread Group 1-1
2023-10-17 13:32:48,242 INFO o.a.j.t.JMeterThread: Thread finished: Thread Group 1-1
2023-10-17 13:32:51,698 INFO o.a.j.t.JMeterThread: Thread is done: Importer-user (AUTO-FLOW) 2-1
2023-10-17 13:32:51,698 INFO o.a.j.t.JMeterThread: Thread finished: Importer-user (AUTO-FLOW) 2-1
2023-10-17 13:32:51,698 INFO o.a.j.e.StandardJMeterEngine: Notifying test listeners of end of test
2023-10-17 13:32:51,698 INFO o.a.j.s.FileServer: Close: C:/Users/CACF/Desktop/DRSCSVforjmeter.csv
2023-10-17 13:32:51,698 INFO o.a.j.g.u.JMeterMenuBar: setRunning(false, *local*)
